<?xml version="1.0" encoding="UTF-8" ?>
<testsuite failures="0" time="13.423" errors="0" skipped="0" tests="10" name="com.scp.basic.dao.TestUserDao">
  <properties>
[...]
</properties>
  <testcase time="10.006" classname="com.scp.basic.dao.TestUserDao" name="testListByArgs"/>
  <testcase time="0.169" classname="com.scp.basic.dao.TestUserDao" name="testFindByArgs"/>
  <testcase time="0.34" classname="com.scp.basic.dao.TestUserDao" name="testListSQLByArgs"/>
  <testcase time="0.158" classname="com.scp.basic.dao.TestUserDao" name="testFindSQLByArgs"/>
  <testcase time="0.074" classname="com.scp.basic.dao.TestUserDao" name="testLoad"/>
  <testcase time="0.216" classname="com.scp.basic.dao.TestUserDao" name="testDelete"/>
  <testcase time="0.097" classname="com.scp.basic.dao.TestUserDao" name="testListByArgsAndAlias"/>
  <testcase time="0.08" classname="com.scp.basic.dao.TestUserDao" name="testFindByArgsAndAlias"/>
  <testcase time="0.043" classname="com.scp.basic.dao.TestUserDao" name="testListSQLByArgsAndAlias"/>
  <testcase time="0.044" classname="com.scp.basic.dao.TestUserDao" name="testFindSQLByArgsAndAlias"/>
</testsuite>