<?xml version="1.0" encoding="UTF-8" ?>
<testsuite failures="0" time="3.965" errors="0" skipped="0" tests="10" name="com.scp.basic.dao.TestUserDao">
  <properties>
[...]
</properties>
  <testcase time="2.598" classname="com.scp.basic.dao.TestUserDao" name="testListByArgs"/>
  <testcase time="0.081" classname="com.scp.basic.dao.TestUserDao" name="testFindByArgs"/>
  <testcase time="0.106" classname="com.scp.basic.dao.TestUserDao" name="testListSQLByArgs"/>
  <testcase time="0.098" classname="com.scp.basic.dao.TestUserDao" name="testFindSQLByArgs"/>
  <testcase time="0.144" classname="com.scp.basic.dao.TestUserDao" name="testDelete"/>
  <testcase time="0.069" classname="com.scp.basic.dao.TestUserDao" name="testLoad"/>
  <testcase time="0.108" classname="com.scp.basic.dao.TestUserDao" name="testListByArgsAndAlias"/>
  <testcase time="0.105" classname="com.scp.basic.dao.TestUserDao" name="testFindByArgsAndAlias"/>
  <testcase time="0.105" classname="com.scp.basic.dao.TestUserDao" name="testListSQLByArgsAndAlias"/>
  <testcase time="0.063" classname="com.scp.basic.dao.TestUserDao" name="testFindSQLByArgsAndAlias"/>
</testsuite>